[0.183s] DEBUG:colcon:Command line arguments: ['/usr/bin/colcon', 'build']
[0.183s] DEBUG:colcon:Parsed command line arguments: Namespace(log_base=None, log_level=None, verb_name='build', build_base='build', install_base='install', merge_install=False, symlink_install=False, test_result_base=None, continue_on_error=False, executor='parallel', parallel_workers=4, event_handlers=None, ignore_user_meta=False, metas=['./colcon.meta'], base_paths=['.'], packages_ignore=None, packages_ignore_regex=None, paths=None, packages_up_to=None, packages_up_to_regex=None, packages_above=None, packages_above_and_dependencies=None, packages_above_depth=None, packages_select_by_dep=None, packages_skip_by_dep=None, packages_skip_up_to=None, packages_select_build_failed=False, packages_skip_build_finished=False, packages_select_test_failures=False, packages_skip_test_passed=False, packages_select=None, packages_skip=None, packages_select_regex=None, packages_skip_regex=None, packages_start=None, packages_end=None, allow_overriding=[], cmake_args=None, cmake_target=None, cmake_target_skip_unavailable=False, cmake_clean_cache=False, cmake_clean_first=False, cmake_force_configure=False, ament_cmake_args=None, catkin_cmake_args=None, catkin_skip_building_tests=False, verb_parser=<colcon_defaults.argument_parser.defaults.DefaultArgumentsDecorator object at 0x7fe33cf0d720>, verb_extension=<colcon_core.verb.build.BuildVerb object at 0x7fe33d042b90>, main=<bound method BuildVerb.main of <colcon_core.verb.build.BuildVerb object at 0x7fe33d042b90>>)
[0.497s] Level 1:colcon.colcon_core.package_discovery:discover_packages(colcon_meta) check parameters
[0.497s] Level 1:colcon.colcon_core.package_discovery:discover_packages(recursive) check parameters
[0.497s] Level 1:colcon.colcon_core.package_discovery:discover_packages(ignore) check parameters
[0.497s] Level 1:colcon.colcon_core.package_discovery:discover_packages(path) check parameters
[0.497s] Level 1:colcon.colcon_core.package_discovery:discover_packages(colcon_meta) discover
[0.498s] Level 1:colcon.colcon_core.package_discovery:discover_packages(recursive) discover
[0.498s] INFO:colcon.colcon_core.package_discovery:Crawling recursively for packages in '/home/swaroop/ws/AmphibiousRobot'
[0.498s] Level 1:colcon.colcon_core.package_identification:_identify(.) by extensions ['ignore', 'ignore_ament_install']
[0.498s] Level 1:colcon.colcon_core.package_identification:_identify(.) by extension 'ignore'
[0.498s] Level 1:colcon.colcon_core.package_identification:_identify(.) by extension 'ignore_ament_install'
[0.499s] Level 1:colcon.colcon_core.package_identification:_identify(.) by extensions ['colcon_pkg']
[0.499s] Level 1:colcon.colcon_core.package_identification:_identify(.) by extension 'colcon_pkg'
[0.499s] Level 1:colcon.colcon_core.package_identification:_identify(.) by extensions ['colcon_meta']
[0.499s] Level 1:colcon.colcon_core.package_identification:_identify(.) by extension 'colcon_meta'
[0.499s] Level 1:colcon.colcon_core.package_identification:_identify(.) by extensions ['ros']
[0.499s] Level 1:colcon.colcon_core.package_identification:_identify(.) by extension 'ros'
[0.518s] Level 1:colcon.colcon_core.package_identification:_identify(.) by extensions ['cmake', 'python']
[0.518s] Level 1:colcon.colcon_core.package_identification:_identify(.) by extension 'cmake'
[0.518s] Level 1:colcon.colcon_core.package_identification:_identify(.) by extension 'python'
[0.518s] Level 1:colcon.colcon_core.package_identification:_identify(.) by extensions ['python_setup_py']
[0.518s] Level 1:colcon.colcon_core.package_identification:_identify(.) by extension 'python_setup_py'
[0.519s] Level 1:colcon.colcon_core.package_identification:_identify(build) by extensions ['ignore', 'ignore_ament_install']
[0.519s] Level 1:colcon.colcon_core.package_identification:_identify(build) by extension 'ignore'
[0.519s] Level 1:colcon.colcon_core.package_identification:_identify(build) ignored
[0.519s] Level 1:colcon.colcon_core.package_identification:_identify(install) by extensions ['ignore', 'ignore_ament_install']
[0.519s] Level 1:colcon.colcon_core.package_identification:_identify(install) by extension 'ignore'
[0.519s] Level 1:colcon.colcon_core.package_identification:_identify(install) ignored
[0.520s] Level 1:colcon.colcon_core.package_identification:_identify(log) by extensions ['ignore', 'ignore_ament_install']
[0.520s] Level 1:colcon.colcon_core.package_identification:_identify(log) by extension 'ignore'
[0.520s] Level 1:colcon.colcon_core.package_identification:_identify(log) ignored
[0.520s] Level 1:colcon.colcon_core.package_identification:_identify(src) by extensions ['ignore', 'ignore_ament_install']
[0.520s] Level 1:colcon.colcon_core.package_identification:_identify(src) by extension 'ignore'
[0.520s] Level 1:colcon.colcon_core.package_identification:_identify(src) by extension 'ignore_ament_install'
[0.520s] Level 1:colcon.colcon_core.package_identification:_identify(src) by extensions ['colcon_pkg']
[0.520s] Level 1:colcon.colcon_core.package_identification:_identify(src) by extension 'colcon_pkg'
[0.520s] Level 1:colcon.colcon_core.package_identification:_identify(src) by extensions ['colcon_meta']
[0.520s] Level 1:colcon.colcon_core.package_identification:_identify(src) by extension 'colcon_meta'
[0.520s] Level 1:colcon.colcon_core.package_identification:_identify(src) by extensions ['ros']
[0.521s] Level 1:colcon.colcon_core.package_identification:_identify(src) by extension 'ros'
[0.521s] Level 1:colcon.colcon_core.package_identification:_identify(src) by extensions ['cmake', 'python']
[0.521s] Level 1:colcon.colcon_core.package_identification:_identify(src) by extension 'cmake'
[0.521s] Level 1:colcon.colcon_core.package_identification:_identify(src) by extension 'python'
[0.521s] Level 1:colcon.colcon_core.package_identification:_identify(src) by extensions ['python_setup_py']
[0.521s] Level 1:colcon.colcon_core.package_identification:_identify(src) by extension 'python_setup_py'
[0.521s] Level 1:colcon.colcon_core.package_identification:_identify(src/amphibious_robot_description) by extensions ['ignore', 'ignore_ament_install']
[0.521s] Level 1:colcon.colcon_core.package_identification:_identify(src/amphibious_robot_description) by extension 'ignore'
[0.521s] Level 1:colcon.colcon_core.package_identification:_identify(src/amphibious_robot_description) by extension 'ignore_ament_install'
[0.521s] Level 1:colcon.colcon_core.package_identification:_identify(src/amphibious_robot_description) by extensions ['colcon_pkg']
[0.521s] Level 1:colcon.colcon_core.package_identification:_identify(src/amphibious_robot_description) by extension 'colcon_pkg'
[0.522s] Level 1:colcon.colcon_core.package_identification:_identify(src/amphibious_robot_description) by extensions ['colcon_meta']
[0.522s] Level 1:colcon.colcon_core.package_identification:_identify(src/amphibious_robot_description) by extension 'colcon_meta'
[0.522s] Level 1:colcon.colcon_core.package_identification:_identify(src/amphibious_robot_description) by extensions ['ros']
[0.522s] Level 1:colcon.colcon_core.package_identification:_identify(src/amphibious_robot_description) by extension 'ros'
[0.526s] DEBUG:colcon.colcon_core.package_identification:Package 'src/amphibious_robot_description' with type 'ros.ament_cmake' and name 'amphibious_robot_description'
[0.526s] Level 1:colcon.colcon_core.package_discovery:discover_packages(recursive) using defaults
[0.526s] Level 1:colcon.colcon_core.package_discovery:discover_packages(ignore) discover
[0.526s] Level 1:colcon.colcon_core.package_discovery:discover_packages(ignore) using defaults
[0.526s] Level 1:colcon.colcon_core.package_discovery:discover_packages(path) discover
[0.526s] Level 1:colcon.colcon_core.package_discovery:discover_packages(path) using defaults
[0.588s] Level 1:colcon.colcon_core.package_discovery:discover_packages(prefix_path) check parameters
[0.588s] Level 1:colcon.colcon_core.package_discovery:discover_packages(prefix_path) discover
[0.590s] WARNING:colcon.colcon_core.prefix_path.colcon:The path '/home/swaroop/ws/install' in the environment variable COLCON_PREFIX_PATH doesn't exist
[0.591s] DEBUG:colcon.colcon_installed_package_information.package_discovery:Found 1 installed packages in /home/swaroop/ws/AmphibiousRobot/install
[0.594s] DEBUG:colcon.colcon_installed_package_information.package_discovery:Found 367 installed packages in /opt/ros/humble
[0.597s] Level 1:colcon.colcon_core.package_discovery:discover_packages(prefix_path) using defaults
[0.687s] Level 5:colcon.colcon_core.verb:set package 'amphibious_robot_description' build argument 'cmake_args' from command line to 'None'
[0.687s] Level 5:colcon.colcon_core.verb:set package 'amphibious_robot_description' build argument 'cmake_target' from command line to 'None'
[0.687s] Level 5:colcon.colcon_core.verb:set package 'amphibious_robot_description' build argument 'cmake_target_skip_unavailable' from command line to 'False'
[0.687s] Level 5:colcon.colcon_core.verb:set package 'amphibious_robot_description' build argument 'cmake_clean_cache' from command line to 'False'
[0.687s] Level 5:colcon.colcon_core.verb:set package 'amphibious_robot_description' build argument 'cmake_clean_first' from command line to 'False'
[0.687s] Level 5:colcon.colcon_core.verb:set package 'amphibious_robot_description' build argument 'cmake_force_configure' from command line to 'False'
[0.688s] Level 5:colcon.colcon_core.verb:set package 'amphibious_robot_description' build argument 'ament_cmake_args' from command line to 'None'
[0.688s] Level 5:colcon.colcon_core.verb:set package 'amphibious_robot_description' build argument 'catkin_cmake_args' from command line to 'None'
[0.688s] Level 5:colcon.colcon_core.verb:set package 'amphibious_robot_description' build argument 'catkin_skip_building_tests' from command line to 'False'
[0.688s] DEBUG:colcon.colcon_core.verb:Building package 'amphibious_robot_description' with the following arguments: {'ament_cmake_args': None, 'build_base': '/home/swaroop/ws/AmphibiousRobot/build/amphibious_robot_description', 'catkin_cmake_args': None, 'catkin_skip_building_tests': False, 'cmake_args': None, 'cmake_clean_cache': False, 'cmake_clean_first': False, 'cmake_force_configure': False, 'cmake_target': None, 'cmake_target_skip_unavailable': False, 'install_base': '/home/swaroop/ws/AmphibiousRobot/install/amphibious_robot_description', 'merge_install': False, 'path': '/home/swaroop/ws/AmphibiousRobot/src/amphibious_robot_description', 'symlink_install': False, 'test_result_base': None}
[0.688s] INFO:colcon.colcon_core.executor:Executing jobs using 'parallel' executor
[0.690s] DEBUG:colcon.colcon_parallel_executor.executor.parallel:run_until_complete
[0.690s] INFO:colcon.colcon_ros.task.ament_cmake.build:Building ROS package in '/home/swaroop/ws/AmphibiousRobot/src/amphibious_robot_description' with build type 'ament_cmake'
[0.691s] INFO:colcon.colcon_cmake.task.cmake.build:Building CMake package in '/home/swaroop/ws/AmphibiousRobot/src/amphibious_robot_description'
[0.694s] INFO:colcon.colcon_core.plugin_system:Skipping extension 'colcon_core.shell.bat': Not used on non-Windows systems
[0.694s] INFO:colcon.colcon_core.shell:Skip shell extension 'powershell' for command environment: Not usable outside of PowerShell
[0.694s] DEBUG:colcon.colcon_core.shell:Skip shell extension 'dsv' for command environment
[0.714s] DEBUG:colcon.colcon_core.event_handler.log_command:Invoking command in '/home/swaroop/ws/AmphibiousRobot/build/amphibious_robot_description': CMAKE_PREFIX_PATH=${CMAKE_PREFIX_PATH}:/opt/ros/humble /usr/bin/cmake --build /home/swaroop/ws/AmphibiousRobot/build/amphibious_robot_description -- -j4 -l4
[1.510s] DEBUG:colcon.colcon_core.event_handler.log_command:Invoked command in '/home/swaroop/ws/AmphibiousRobot/build/amphibious_robot_description' returned '0': CMAKE_PREFIX_PATH=${CMAKE_PREFIX_PATH}:/opt/ros/humble /usr/bin/cmake --build /home/swaroop/ws/AmphibiousRobot/build/amphibious_robot_description -- -j4 -l4
[1.534s] DEBUG:colcon.colcon_core.event_handler.log_command:Invoking command in '/home/swaroop/ws/AmphibiousRobot/build/amphibious_robot_description': CMAKE_PREFIX_PATH=${CMAKE_PREFIX_PATH}:/opt/ros/humble /usr/bin/cmake --install /home/swaroop/ws/AmphibiousRobot/build/amphibious_robot_description
[1.566s] Level 1:colcon.colcon_core.environment:create_environment_scripts_only(amphibious_robot_description)
[1.567s] DEBUG:colcon.colcon_core.event_handler.log_command:Invoked command in '/home/swaroop/ws/AmphibiousRobot/build/amphibious_robot_description' returned '0': CMAKE_PREFIX_PATH=${CMAKE_PREFIX_PATH}:/opt/ros/humble /usr/bin/cmake --install /home/swaroop/ws/AmphibiousRobot/build/amphibious_robot_description
[1.572s] Level 1:colcon.colcon_core.environment:checking '/home/swaroop/ws/AmphibiousRobot/install/amphibious_robot_description' for CMake module files
[1.573s] Level 1:colcon.colcon_core.environment:checking '/home/swaroop/ws/AmphibiousRobot/install/amphibious_robot_description' for CMake config files
[1.574s] Level 1:colcon.colcon_core.shell:create_environment_hook('amphibious_robot_description', 'cmake_prefix_path')
[1.575s] INFO:colcon.colcon_core.shell:Creating environment hook '/home/swaroop/ws/AmphibiousRobot/install/amphibious_robot_description/share/amphibious_robot_description/hook/cmake_prefix_path.ps1'
[1.576s] INFO:colcon.colcon_core.shell:Creating environment descriptor '/home/swaroop/ws/AmphibiousRobot/install/amphibious_robot_description/share/amphibious_robot_description/hook/cmake_prefix_path.dsv'
[1.577s] INFO:colcon.colcon_core.shell:Creating environment hook '/home/swaroop/ws/AmphibiousRobot/install/amphibious_robot_description/share/amphibious_robot_description/hook/cmake_prefix_path.sh'
[1.579s] Level 1:colcon.colcon_core.environment:checking '/home/swaroop/ws/AmphibiousRobot/install/amphibious_robot_description/bin'
[1.579s] Level 1:colcon.colcon_core.environment:checking '/home/swaroop/ws/AmphibiousRobot/install/amphibious_robot_description/lib/pkgconfig/amphibious_robot_description.pc'
[1.580s] Level 1:colcon.colcon_core.environment:checking '/home/swaroop/ws/AmphibiousRobot/install/amphibious_robot_description/lib/python3.10/site-packages'
[1.580s] Level 1:colcon.colcon_core.environment:checking '/home/swaroop/ws/AmphibiousRobot/install/amphibious_robot_description/bin'
[1.581s] INFO:colcon.colcon_core.shell:Creating package script '/home/swaroop/ws/AmphibiousRobot/install/amphibious_robot_description/share/amphibious_robot_description/package.ps1'
[1.582s] INFO:colcon.colcon_core.shell:Creating package descriptor '/home/swaroop/ws/AmphibiousRobot/install/amphibious_robot_description/share/amphibious_robot_description/package.dsv'
[1.583s] INFO:colcon.colcon_core.shell:Creating package script '/home/swaroop/ws/AmphibiousRobot/install/amphibious_robot_description/share/amphibious_robot_description/package.sh'
[1.585s] INFO:colcon.colcon_core.shell:Creating package script '/home/swaroop/ws/AmphibiousRobot/install/amphibious_robot_description/share/amphibious_robot_description/package.bash'
[1.586s] INFO:colcon.colcon_core.shell:Creating package script '/home/swaroop/ws/AmphibiousRobot/install/amphibious_robot_description/share/amphibious_robot_description/package.zsh'
[1.588s] Level 1:colcon.colcon_core.environment:create_file_with_runtime_dependencies(/home/swaroop/ws/AmphibiousRobot/install/amphibious_robot_description/share/colcon-core/packages/amphibious_robot_description)
[1.589s] Level 1:colcon.colcon_core.environment:create_environment_scripts_only(amphibious_robot_description)
[1.589s] Level 1:colcon.colcon_core.environment:checking '/home/swaroop/ws/AmphibiousRobot/install/amphibious_robot_description' for CMake module files
[1.590s] Level 1:colcon.colcon_core.environment:checking '/home/swaroop/ws/AmphibiousRobot/install/amphibious_robot_description' for CMake config files
[1.591s] Level 1:colcon.colcon_core.shell:create_environment_hook('amphibious_robot_description', 'cmake_prefix_path')
[1.591s] INFO:colcon.colcon_core.shell:Creating environment hook '/home/swaroop/ws/AmphibiousRobot/install/amphibious_robot_description/share/amphibious_robot_description/hook/cmake_prefix_path.ps1'
[1.592s] INFO:colcon.colcon_core.shell:Creating environment descriptor '/home/swaroop/ws/AmphibiousRobot/install/amphibious_robot_description/share/amphibious_robot_description/hook/cmake_prefix_path.dsv'
[1.593s] INFO:colcon.colcon_core.shell:Creating environment hook '/home/swaroop/ws/AmphibiousRobot/install/amphibious_robot_description/share/amphibious_robot_description/hook/cmake_prefix_path.sh'
[1.594s] Level 1:colcon.colcon_core.environment:checking '/home/swaroop/ws/AmphibiousRobot/install/amphibious_robot_description/bin'
[1.594s] Level 1:colcon.colcon_core.environment:checking '/home/swaroop/ws/AmphibiousRobot/install/amphibious_robot_description/lib/pkgconfig/amphibious_robot_description.pc'
[1.595s] Level 1:colcon.colcon_core.environment:checking '/home/swaroop/ws/AmphibiousRobot/install/amphibious_robot_description/lib/python3.10/site-packages'
[1.595s] Level 1:colcon.colcon_core.environment:checking '/home/swaroop/ws/AmphibiousRobot/install/amphibious_robot_description/bin'
[1.596s] INFO:colcon.colcon_core.shell:Creating package script '/home/swaroop/ws/AmphibiousRobot/install/amphibious_robot_description/share/amphibious_robot_description/package.ps1'
[1.597s] INFO:colcon.colcon_core.shell:Creating package descriptor '/home/swaroop/ws/AmphibiousRobot/install/amphibious_robot_description/share/amphibious_robot_description/package.dsv'
[1.598s] INFO:colcon.colcon_core.shell:Creating package script '/home/swaroop/ws/AmphibiousRobot/install/amphibious_robot_description/share/amphibious_robot_description/package.sh'
[1.599s] INFO:colcon.colcon_core.shell:Creating package script '/home/swaroop/ws/AmphibiousRobot/install/amphibious_robot_description/share/amphibious_robot_description/package.bash'
[1.600s] INFO:colcon.colcon_core.shell:Creating package script '/home/swaroop/ws/AmphibiousRobot/install/amphibious_robot_description/share/amphibious_robot_description/package.zsh'
[1.600s] Level 1:colcon.colcon_core.environment:create_file_with_runtime_dependencies(/home/swaroop/ws/AmphibiousRobot/install/amphibious_robot_description/share/colcon-core/packages/amphibious_robot_description)
[1.601s] DEBUG:colcon.colcon_parallel_executor.executor.parallel:closing loop
[1.602s] DEBUG:colcon.colcon_parallel_executor.executor.parallel:loop closed
[1.602s] DEBUG:colcon.colcon_parallel_executor.executor.parallel:run_until_complete finished with '0'
[1.602s] DEBUG:colcon.colcon_core.event_reactor:joining thread
[1.613s] INFO:colcon.colcon_core.plugin_system:Skipping extension 'colcon_notification.desktop_notification.terminal_notifier': Not used on non-Darwin systems
[1.613s] INFO:colcon.colcon_core.plugin_system:Skipping extension 'colcon_notification.desktop_notification.win32': Not used on non-Windows systems
[1.613s] INFO:colcon.colcon_notification.desktop_notification:Sending desktop notification using 'notify2'
[1.637s] DEBUG:colcon.colcon_core.event_reactor:joined thread
[1.638s] INFO:colcon.colcon_core.shell:Creating prefix script '/home/swaroop/ws/AmphibiousRobot/install/local_setup.ps1'
[1.640s] INFO:colcon.colcon_core.shell:Creating prefix util module '/home/swaroop/ws/AmphibiousRobot/install/_local_setup_util_ps1.py'
[1.643s] INFO:colcon.colcon_core.shell:Creating prefix chain script '/home/swaroop/ws/AmphibiousRobot/install/setup.ps1'
[1.645s] INFO:colcon.colcon_core.shell:Creating prefix script '/home/swaroop/ws/AmphibiousRobot/install/local_setup.sh'
[1.647s] INFO:colcon.colcon_core.shell:Creating prefix util module '/home/swaroop/ws/AmphibiousRobot/install/_local_setup_util_sh.py'
[1.649s] INFO:colcon.colcon_core.shell:Creating prefix chain script '/home/swaroop/ws/AmphibiousRobot/install/setup.sh'
[1.652s] INFO:colcon.colcon_core.shell:Creating prefix script '/home/swaroop/ws/AmphibiousRobot/install/local_setup.bash'
[1.654s] INFO:colcon.colcon_core.shell:Creating prefix chain script '/home/swaroop/ws/AmphibiousRobot/install/setup.bash'
[1.656s] INFO:colcon.colcon_core.shell:Creating prefix script '/home/swaroop/ws/AmphibiousRobot/install/local_setup.zsh'
[1.658s] INFO:colcon.colcon_core.shell:Creating prefix chain script '/home/swaroop/ws/AmphibiousRobot/install/setup.zsh'
