[0.026s] Invoking command in '/home/swaroop/ws/AmphibiousRobot/build/amphibious_robot_description': CMAKE_PREFIX_PATH=${CMAKE_PREFIX_PATH}:/opt/ros/humble /usr/bin/cmake --build /home/swaroop/ws/AmphibiousRobot/build/amphibious_robot_description -- -j4 -l4
[0.130s] Invoked command in '/home/swaroop/ws/AmphibiousRobot/build/amphibious_robot_description' returned '0': CMAKE_PREFIX_PATH=${CMAKE_PREFIX_PATH}:/opt/ros/humble /usr/bin/cmake --build /home/swaroop/ws/AmphibiousRobot/build/amphibious_robot_description -- -j4 -l4
[0.158s] Invoking command in '/home/swaroop/ws/AmphibiousRobot/build/amphibious_robot_description': CMAKE_PREFIX_PATH=${CMAKE_PREFIX_PATH}:/opt/ros/humble /usr/bin/cmake --install /home/swaroop/ws/AmphibiousRobot/build/amphibious_robot_description
[0.180s] -- Install configuration: ""
[0.180s] -- Up-to-date: /home/swaroop/ws/AmphibiousRobot/install/amphibious_robot_description/share/amphibious_robot_description/launch
[0.180s] -- Installing: /home/swaroop/ws/AmphibiousRobot/install/amphibious_robot_description/share/amphibious_robot_description/launch/display.launch.py
[0.180s] -- Up-to-date: /home/swaroop/ws/AmphibiousRobot/install/amphibious_robot_description/share/amphibious_robot_description/description
[0.181s] -- Up-to-date: /home/swaroop/ws/AmphibiousRobot/install/amphibious_robot_description/share/amphibious_robot_description/description/amphibot.urdf.xacro
[0.181s] -- Up-to-date: /home/swaroop/ws/AmphibiousRobot/install/amphibious_robot_description/share/amphibious_robot_description/meshes
[0.181s] -- Up-to-date: /home/swaroop/ws/AmphibiousRobot/install/amphibious_robot_description/share/amphibious_robot_description/meshes/lshaft.stl
[0.181s] -- Up-to-date: /home/swaroop/ws/AmphibiousRobot/install/amphibious_robot_description/share/amphibious_robot_description/meshes/body.stl
[0.181s] -- Up-to-date: /home/swaroop/ws/AmphibiousRobot/install/amphibious_robot_description/share/amphibious_robot_description/meshes/left_wheel.stl
[0.182s] -- Up-to-date: /home/swaroop/ws/AmphibiousRobot/install/amphibious_robot_description/share/amphibious_robot_description/meshes/right_wheel.stl
[0.182s] -- Up-to-date: /home/swaroop/ws/AmphibiousRobot/install/amphibious_robot_description/share/amphibious_robot_description/meshes/rshaft.stl
[0.182s] -- Up-to-date: /home/swaroop/ws/AmphibiousRobot/install/amphibious_robot_description/share/amphibious_robot_description/worlds
[0.183s] -- Up-to-date: /home/swaroop/ws/AmphibiousRobot/install/amphibious_robot_description/share/amphibious_robot_description/worlds/world.sdf
[0.183s] -- Up-to-date: /home/swaroop/ws/AmphibiousRobot/install/amphibious_robot_description/share/ament_index/resource_index/package_run_dependencies/amphibious_robot_description
[0.183s] -- Up-to-date: /home/swaroop/ws/AmphibiousRobot/install/amphibious_robot_description/share/ament_index/resource_index/parent_prefix_path/amphibious_robot_description
[0.184s] -- Up-to-date: /home/swaroop/ws/AmphibiousRobot/install/amphibious_robot_description/share/amphibious_robot_description/environment/ament_prefix_path.sh
[0.184s] -- Up-to-date: /home/swaroop/ws/AmphibiousRobot/install/amphibious_robot_description/share/amphibious_robot_description/environment/ament_prefix_path.dsv
[0.184s] -- Up-to-date: /home/swaroop/ws/AmphibiousRobot/install/amphibious_robot_description/share/amphibious_robot_description/environment/path.sh
[0.184s] -- Up-to-date: /home/swaroop/ws/AmphibiousRobot/install/amphibious_robot_description/share/amphibious_robot_description/environment/path.dsv
[0.184s] -- Up-to-date: /home/swaroop/ws/AmphibiousRobot/install/amphibious_robot_description/share/amphibious_robot_description/local_setup.bash
[0.185s] -- Up-to-date: /home/swaroop/ws/AmphibiousRobot/install/amphibious_robot_description/share/amphibious_robot_description/local_setup.sh
[0.185s] -- Up-to-date: /home/swaroop/ws/AmphibiousRobot/install/amphibious_robot_description/share/amphibious_robot_description/local_setup.zsh
[0.185s] -- Up-to-date: /home/swaroop/ws/AmphibiousRobot/install/amphibious_robot_description/share/amphibious_robot_description/local_setup.dsv
[0.185s] -- Installing: /home/swaroop/ws/AmphibiousRobot/install/amphibious_robot_description/share/amphibious_robot_description/package.dsv
[0.186s] -- Up-to-date: /home/swaroop/ws/AmphibiousRobot/install/amphibious_robot_description/share/ament_index/resource_index/packages/amphibious_robot_description
[0.186s] -- Up-to-date: /home/swaroop/ws/AmphibiousRobot/install/amphibious_robot_description/share/amphibious_robot_description/cmake/amphibious_robot_descriptionConfig.cmake
[0.186s] -- Up-to-date: /home/swaroop/ws/AmphibiousRobot/install/amphibious_robot_description/share/amphibious_robot_description/cmake/amphibious_robot_descriptionConfig-version.cmake
[0.186s] -- Up-to-date: /home/swaroop/ws/AmphibiousRobot/install/amphibious_robot_description/share/amphibious_robot_description/package.xml
[0.191s] Invoked command in '/home/swaroop/ws/AmphibiousRobot/build/amphibious_robot_description' returned '0': CMAKE_PREFIX_PATH=${CMAKE_PREFIX_PATH}:/opt/ros/humble /usr/bin/cmake --install /home/swaroop/ws/AmphibiousRobot/build/amphibious_robot_description
