[0.041s] Invoking command in '/home/swaroop/ws/AmphibiousRobot/build/amphibious_robot_description': CMAKE_PREFIX_PATH=${CMAKE_PREFIX_PATH}:/opt/ros/humble /usr/bin/cmake --build /home/swaroop/ws/AmphibiousRobot/build/amphibious_robot_description -- -j4 -l4
[0.207s] Invoked command in '/home/swaroop/ws/AmphibiousRobot/build/amphibious_robot_description' returned '0': CMAKE_PREFIX_PATH=${CMAKE_PREFIX_PATH}:/opt/ros/humble /usr/bin/cmake --build /home/swaroop/ws/AmphibiousRobot/build/amphibious_robot_description -- -j4 -l4
[0.242s] Invoking command in '/home/swaroop/ws/AmphibiousRobot/build/amphibious_robot_description': CMAKE_PREFIX_PATH=${CMAKE_PREFIX_PATH}:/opt/ros/humble /usr/bin/cmake --install /home/swaroop/ws/AmphibiousRobot/build/amphibious_robot_description
[0.270s] -- Install configuration: ""
[0.270s] -- Up-to-date: /home/swaroop/ws/AmphibiousRobot/install/amphibious_robot_description/share/amphibious_robot_description/launch
[0.271s] -- Installing: /home/swaroop/ws/AmphibiousRobot/install/amphibious_robot_description/share/amphibious_robot_description/launch/display.launch.py
[0.272s] -- Up-to-date: /home/swaroop/ws/AmphibiousRobot/install/amphibious_robot_description/share/amphibious_robot_description/description
[0.273s] -- Up-to-date: /home/swaroop/ws/AmphibiousRobot/install/amphibious_robot_description/share/amphibious_robot_description/description/amphibot.urdf.xacro
[0.273s] -- Up-to-date: /home/swaroop/ws/AmphibiousRobot/install/amphibious_robot_description/share/amphibious_robot_description/meshes
[0.273s] -- Up-to-date: /home/swaroop/ws/AmphibiousRobot/install/amphibious_robot_description/share/amphibious_robot_description/meshes/body.stl
[0.274s] -- Up-to-date: /home/swaroop/ws/AmphibiousRobot/install/amphibious_robot_description/share/amphibious_robot_description/meshes/left_wheel.stl
[0.274s] -- Up-to-date: /home/swaroop/ws/AmphibiousRobot/install/amphibious_robot_description/share/amphibious_robot_description/meshes/shaft.stl
[0.274s] -- Up-to-date: /home/swaroop/ws/AmphibiousRobot/install/amphibious_robot_description/share/amphibious_robot_description/meshes/right_wheel.stl
[0.275s] -- Up-to-date: /home/swaroop/ws/AmphibiousRobot/install/amphibious_robot_description/share/amphibious_robot_description/worlds
[0.277s] -- Up-to-date: /home/swaroop/ws/AmphibiousRobot/install/amphibious_robot_description/share/amphibious_robot_description/worlds/world.sdf
[0.278s] -- Up-to-date: /home/swaroop/ws/AmphibiousRobot/install/amphibious_robot_description/share/ament_index/resource_index/package_run_dependencies/amphibious_robot_description
[0.278s] -- Up-to-date: /home/swaroop/ws/AmphibiousRobot/install/amphibious_robot_description/share/ament_index/resource_index/parent_prefix_path/amphibious_robot_description
[0.279s] -- Up-to-date: /home/swaroop/ws/AmphibiousRobot/install/amphibious_robot_description/share/amphibious_robot_description/environment/ament_prefix_path.sh
[0.279s] -- Up-to-date: /home/swaroop/ws/AmphibiousRobot/install/amphibious_robot_description/share/amphibious_robot_description/environment/ament_prefix_path.dsv
[0.279s] -- Up-to-date: /home/swaroop/ws/AmphibiousRobot/install/amphibious_robot_description/share/amphibious_robot_description/environment/path.sh
[0.279s] -- Up-to-date: /home/swaroop/ws/AmphibiousRobot/install/amphibious_robot_description/share/amphibious_robot_description/environment/path.dsv
[0.280s] -- Up-to-date: /home/swaroop/ws/AmphibiousRobot/install/amphibious_robot_description/share/amphibious_robot_description/local_setup.bash
[0.280s] -- Up-to-date: /home/swaroop/ws/AmphibiousRobot/install/amphibious_robot_description/share/amphibious_robot_description/local_setup.sh
[0.280s] -- Up-to-date: /home/swaroop/ws/AmphibiousRobot/install/amphibious_robot_description/share/amphibious_robot_description/local_setup.zsh
[0.280s] -- Up-to-date: /home/swaroop/ws/AmphibiousRobot/install/amphibious_robot_description/share/amphibious_robot_description/local_setup.dsv
[0.280s] -- Installing: /home/swaroop/ws/AmphibiousRobot/install/amphibious_robot_description/share/amphibious_robot_description/package.dsv
[0.281s] -- Up-to-date: /home/swaroop/ws/AmphibiousRobot/install/amphibious_robot_description/share/ament_index/resource_index/packages/amphibious_robot_description
[0.281s] -- Up-to-date: /home/swaroop/ws/AmphibiousRobot/install/amphibious_robot_description/share/amphibious_robot_description/cmake/amphibious_robot_descriptionConfig.cmake
[0.281s] -- Up-to-date: /home/swaroop/ws/AmphibiousRobot/install/amphibious_robot_description/share/amphibious_robot_description/cmake/amphibious_robot_descriptionConfig-version.cmake
[0.281s] -- Up-to-date: /home/swaroop/ws/AmphibiousRobot/install/amphibious_robot_description/share/amphibious_robot_description/package.xml
[0.296s] Invoked command in '/home/swaroop/ws/AmphibiousRobot/build/amphibious_robot_description' returned '0': CMAKE_PREFIX_PATH=${CMAKE_PREFIX_PATH}:/opt/ros/humble /usr/bin/cmake --install /home/swaroop/ws/AmphibiousRobot/build/amphibious_robot_description
