-- Found ament_cmake: 1.3.11 (/opt/ros/humble/share/ament_cmake/cmake)
-- Found ament_lint_auto: 0.12.12 (/opt/ros/humble/share/ament_lint_auto/cmake)
-- Added test 'flake8' to check Python code syntax and style conventions
-- Added test 'lint_cmake' to check CMake code style
-- Added test 'pep257' to check Python code against some of the docstring style conventions in PEP 257
-- Added test 'xmllint' to check XML markup files
-- Configuring done
-- Generating done
-- Build files have been written to: /home/swaroop/ws/AmphibiousRobot/build/amphibious_robot_description
-- Install configuration: ""
-- Up-to-date: /home/swaroop/ws/AmphibiousRobot/install/amphibious_robot_description/share/amphibious_robot_description/launch
-- Up-to-date: /home/swaroop/ws/AmphibiousRobot/install/amphibious_robot_description/share/amphibious_robot_description/launch/sim_launch.py
-- Up-to-date: /home/swaroop/ws/AmphibiousRobot/install/amphibious_robot_description/share/amphibious_robot_description/launch/rviz.launch.py
-- Up-to-date: /home/swaroop/ws/AmphibiousRobot/install/amphibious_robot_description/share/amphibious_robot_description/description
-- Up-to-date: /home/swaroop/ws/AmphibiousRobot/install/amphibious_robot_description/share/amphibious_robot_description/description/amphibot.urdf.xacro
-- Up-to-date: /home/swaroop/ws/AmphibiousRobot/install/amphibious_robot_description/share/amphibious_robot_description/meshes
-- Up-to-date: /home/swaroop/ws/AmphibiousRobot/install/amphibious_robot_description/share/amphibious_robot_description/meshes/lshaft.stl
-- Up-to-date: /home/swaroop/ws/AmphibiousRobot/install/amphibious_robot_description/share/amphibious_robot_description/meshes/body.stl
-- Up-to-date: /home/swaroop/ws/AmphibiousRobot/install/amphibious_robot_description/share/amphibious_robot_description/meshes/left_wheel.stl
-- Up-to-date: /home/swaroop/ws/AmphibiousRobot/install/amphibious_robot_description/share/amphibious_robot_description/meshes/right_wheel.stl
-- Up-to-date: /home/swaroop/ws/AmphibiousRobot/install/amphibious_robot_description/share/amphibious_robot_description/meshes/rshaft.stl
[31mCMake Error at cmake_install.cmake:62 (file):
  file INSTALL cannot find
  "/home/swaroop/ws/AmphibiousRobot/src/amphibious_robot_description/urdf":
  No such file or directory.

[0m
-- Up-to-date: /home/swaroop/ws/AmphibiousRobot/install/amphibious_robot_description/share/amphibious_robot_description/worlds
-- Up-to-date: /home/swaroop/ws/AmphibiousRobot/install/amphibious_robot_description/share/amphibious_robot_description/worlds/world.sdf
