[0.020s] Invoking command in '/home/swaroop/ws/AmphibiousRobot/build/amphibious_robot_description': CMAKE_PREFIX_PATH=${CMAKE_PREFIX_PATH}:/opt/ros/humble /usr/bin/cmake --build /home/swaroop/ws/AmphibiousRobot/build/amphibious_robot_description -- -j4 -l4
[0.067s] -- Found ament_cmake: 1.3.11 (/opt/ros/humble/share/ament_cmake/cmake)
[0.510s] -- Found ament_lint_auto: 0.12.12 (/opt/ros/humble/share/ament_lint_auto/cmake)
[0.741s] -- Added test 'flake8' to check Python code syntax and style conventions
[0.742s] -- Added test 'lint_cmake' to check CMake code style
[0.743s] -- Added test 'pep257' to check Python code against some of the docstring style conventions in PEP 257
[0.748s] -- Added test 'xmllint' to check XML markup files
[0.749s] -- Configuring done
[0.757s] -- Generating done
[0.762s] -- Build files have been written to: /home/swaroop/ws/AmphibiousRobot/build/amphibious_robot_description
[0.817s] Invoked command in '/home/swaroop/ws/AmphibiousRobot/build/amphibious_robot_description' returned '0': CMAKE_PREFIX_PATH=${CMAKE_PREFIX_PATH}:/opt/ros/humble /usr/bin/cmake --build /home/swaroop/ws/AmphibiousRobot/build/amphibious_robot_description -- -j4 -l4
[0.838s] Invoking command in '/home/swaroop/ws/AmphibiousRobot/build/amphibious_robot_description': CMAKE_PREFIX_PATH=${CMAKE_PREFIX_PATH}:/opt/ros/humble /usr/bin/cmake --install /home/swaroop/ws/AmphibiousRobot/build/amphibious_robot_description
[0.854s] -- Install configuration: ""
[0.854s] -- Up-to-date: /home/swaroop/ws/AmphibiousRobot/install/amphibious_robot_description/share/amphibious_robot_description/launch
[0.854s] -- Up-to-date: /home/swaroop/ws/AmphibiousRobot/install/amphibious_robot_description/share/amphibious_robot_description/launch/sim_launch.py
[0.855s] -- Up-to-date: /home/swaroop/ws/AmphibiousRobot/install/amphibious_robot_description/share/amphibious_robot_description/launch/rviz.launch.py
[0.855s] -- Up-to-date: /home/swaroop/ws/AmphibiousRobot/install/amphibious_robot_description/share/amphibious_robot_description/description
[0.855s] -- Up-to-date: /home/swaroop/ws/AmphibiousRobot/install/amphibious_robot_description/share/amphibious_robot_description/description/amphibot.urdf.xacro
[0.855s] -- Up-to-date: /home/swaroop/ws/AmphibiousRobot/install/amphibious_robot_description/share/amphibious_robot_description/meshes
[0.856s] -- Up-to-date: /home/swaroop/ws/AmphibiousRobot/install/amphibious_robot_description/share/amphibious_robot_description/meshes/lshaft.stl
[0.856s] -- Up-to-date: /home/swaroop/ws/AmphibiousRobot/install/amphibious_robot_description/share/amphibious_robot_description/meshes/body.stl
[0.856s] -- Up-to-date: /home/swaroop/ws/AmphibiousRobot/install/amphibious_robot_description/share/amphibious_robot_description/meshes/left_wheel.stl
[0.856s] -- Up-to-date: /home/swaroop/ws/AmphibiousRobot/install/amphibious_robot_description/share/amphibious_robot_description/meshes/right_wheel.stl
[0.857s] -- Up-to-date: /home/swaroop/ws/AmphibiousRobot/install/amphibious_robot_description/share/amphibious_robot_description/meshes/rshaft.stl
[0.857s] -- Up-to-date: /home/swaroop/ws/AmphibiousRobot/install/amphibious_robot_description/share/amphibious_robot_description/worlds
[0.857s] -- Up-to-date: /home/swaroop/ws/AmphibiousRobot/install/amphibious_robot_description/share/amphibious_robot_description/worlds/world.sdf
[0.857s] -- Up-to-date: /home/swaroop/ws/AmphibiousRobot/install/amphibious_robot_description/share/ament_index/resource_index/package_run_dependencies/amphibious_robot_description
[0.858s] -- Up-to-date: /home/swaroop/ws/AmphibiousRobot/install/amphibious_robot_description/share/ament_index/resource_index/parent_prefix_path/amphibious_robot_description
[0.858s] -- Up-to-date: /home/swaroop/ws/AmphibiousRobot/install/amphibious_robot_description/share/amphibious_robot_description/environment/ament_prefix_path.sh
[0.858s] -- Installing: /home/swaroop/ws/AmphibiousRobot/install/amphibious_robot_description/share/amphibious_robot_description/environment/ament_prefix_path.dsv
[0.858s] -- Up-to-date: /home/swaroop/ws/AmphibiousRobot/install/amphibious_robot_description/share/amphibious_robot_description/environment/path.sh
[0.859s] -- Installing: /home/swaroop/ws/AmphibiousRobot/install/amphibious_robot_description/share/amphibious_robot_description/environment/path.dsv
[0.859s] -- Up-to-date: /home/swaroop/ws/AmphibiousRobot/install/amphibious_robot_description/share/amphibious_robot_description/local_setup.bash
[0.859s] -- Up-to-date: /home/swaroop/ws/AmphibiousRobot/install/amphibious_robot_description/share/amphibious_robot_description/local_setup.sh
[0.859s] -- Up-to-date: /home/swaroop/ws/AmphibiousRobot/install/amphibious_robot_description/share/amphibious_robot_description/local_setup.zsh
[0.859s] -- Installing: /home/swaroop/ws/AmphibiousRobot/install/amphibious_robot_description/share/amphibious_robot_description/local_setup.dsv
[0.860s] -- Installing: /home/swaroop/ws/AmphibiousRobot/install/amphibious_robot_description/share/amphibious_robot_description/package.dsv
[0.860s] -- Up-to-date: /home/swaroop/ws/AmphibiousRobot/install/amphibious_robot_description/share/ament_index/resource_index/packages/amphibious_robot_description
[0.860s] -- Up-to-date: /home/swaroop/ws/AmphibiousRobot/install/amphibious_robot_description/share/amphibious_robot_description/cmake/amphibious_robot_descriptionConfig.cmake
[0.860s] -- Up-to-date: /home/swaroop/ws/AmphibiousRobot/install/amphibious_robot_description/share/amphibious_robot_description/cmake/amphibious_robot_descriptionConfig-version.cmake
[0.860s] -- Up-to-date: /home/swaroop/ws/AmphibiousRobot/install/amphibious_robot_description/share/amphibious_robot_description/package.xml
[0.865s] Invoked command in '/home/swaroop/ws/AmphibiousRobot/build/amphibious_robot_description' returned '0': CMAKE_PREFIX_PATH=${CMAKE_PREFIX_PATH}:/opt/ros/humble /usr/bin/cmake --install /home/swaroop/ws/AmphibiousRobot/build/amphibious_robot_description
